c:\users\tejas\source\repos\bubblesortnumbermpi\bubblesortnumbermpi\x64\debug\vc143.pdb
c:\users\tejas\source\repos\bubblesortnumbermpi\bubblesortnumbermpi\x64\debug\vc143.idb
c:\users\tejas\source\repos\bubblesortnumbermpi\bubblesortnumbermpi\x64\debug\bubblesortnumbermpi.obj
c:\users\tejas\source\repos\bubblesortnumbermpi\bubblesortnumbermpi\x64\debug\bubblesortnumber.obj
c:\users\tejas\source\repos\bubblesortnumbermpi\bubblesortnumbermpi\x64\debug\main.obj
c:\users\tejas\source\repos\bubblesortnumbermpi\bubblesortnumbermpi\x64\debug\bubblesortstring.obj
c:\users\tejas\source\repos\bubblesortnumbermpi\bubblesortnumbermpi\x64\debug\bubblesortstringmpi.obj
c:\users\tejas\source\repos\bubblesortnumbermpi\bubblesortnumbermpi\x64\debug\quicksortnumber.obj
c:\users\tejas\source\repos\bubblesortnumbermpi\bubblesortnumbermpi\x64\debug\quicksortstring.obj
c:\users\tejas\source\repos\bubblesortnumbermpi\bubblesortnumbermpi\x64\debug\quicksortnumbermpi.obj
c:\users\tejas\source\repos\bubblesortnumbermpi\bubblesortnumbermpi\x64\debug\quicksortstringmpi.obj
c:\users\tejas\source\repos\bubblesortnumbermpi\x64\debug\bubblesortnumbermpi.exe
c:\users\tejas\source\repos\bubblesortnumbermpi\bubblesortnumbermpi\x64\debug\bubblesortnumbermpi.ilk
c:\users\tejas\source\repos\bubblesortnumbermpi\x64\debug\bubblesortnumbermpi.pdb
c:\users\tejas\source\repos\bubblesortnumbermpi\bubblesortnumbermpi\x64\debug\bubbleso.5b9044ec.tlog\cl.command.1.tlog
c:\users\tejas\source\repos\bubblesortnumbermpi\bubblesortnumbermpi\x64\debug\bubbleso.5b9044ec.tlog\cl.read.1.tlog
c:\users\tejas\source\repos\bubblesortnumbermpi\bubblesortnumbermpi\x64\debug\bubbleso.5b9044ec.tlog\cl.write.1.tlog
c:\users\tejas\source\repos\bubblesortnumbermpi\bubblesortnumbermpi\x64\debug\bubbleso.5b9044ec.tlog\link-cvtres.read.1.tlog
c:\users\tejas\source\repos\bubblesortnumbermpi\bubblesortnumbermpi\x64\debug\bubbleso.5b9044ec.tlog\link-cvtres.write.1.tlog
c:\users\tejas\source\repos\bubblesortnumbermpi\bubblesortnumbermpi\x64\debug\bubbleso.5b9044ec.tlog\link-rc.read.1.tlog
c:\users\tejas\source\repos\bubblesortnumbermpi\bubblesortnumbermpi\x64\debug\bubbleso.5b9044ec.tlog\link-rc.write.1.tlog
c:\users\tejas\source\repos\bubblesortnumbermpi\bubblesortnumbermpi\x64\debug\bubbleso.5b9044ec.tlog\link.372156-cvtres.read.1.tlog
c:\users\tejas\source\repos\bubblesortnumbermpi\bubblesortnumbermpi\x64\debug\bubbleso.5b9044ec.tlog\link.372156-cvtres.write.1.tlog
c:\users\tejas\source\repos\bubblesortnumbermpi\bubblesortnumbermpi\x64\debug\bubbleso.5b9044ec.tlog\link.372156-rc.read.1.tlog
c:\users\tejas\source\repos\bubblesortnumbermpi\bubblesortnumbermpi\x64\debug\bubbleso.5b9044ec.tlog\link.372156-rc.write.1.tlog
c:\users\tejas\source\repos\bubblesortnumbermpi\bubblesortnumbermpi\x64\debug\bubbleso.5b9044ec.tlog\link.372156.read.1.tlog
c:\users\tejas\source\repos\bubblesortnumbermpi\bubblesortnumbermpi\x64\debug\bubbleso.5b9044ec.tlog\link.372156.read.2.tlog
c:\users\tejas\source\repos\bubblesortnumbermpi\bubblesortnumbermpi\x64\debug\bubbleso.5b9044ec.tlog\link.372156.write.1.tlog
c:\users\tejas\source\repos\bubblesortnumbermpi\bubblesortnumbermpi\x64\debug\bubbleso.5b9044ec.tlog\link.command.1.tlog
c:\users\tejas\source\repos\bubblesortnumbermpi\bubblesortnumbermpi\x64\debug\bubbleso.5b9044ec.tlog\link.read.1.tlog
c:\users\tejas\source\repos\bubblesortnumbermpi\bubblesortnumbermpi\x64\debug\bubbleso.5b9044ec.tlog\link.read.2.tlog
c:\users\tejas\source\repos\bubblesortnumbermpi\bubblesortnumbermpi\x64\debug\bubbleso.5b9044ec.tlog\link.write.1.tlog
